This file contains any messages produced by compilers while
running configure, to aid debugging if configure makes a mistake.

It was created by HyperDex configure 1.8.1, which was
generated by GNU Autoconf 2.69.  Invocation command line was

  $ ./configure --enable-ycsb --enable-java-bindings

## --------- ##
## Platform. ##
## --------- ##

hostname = replex
uname -m = x86_64
uname -r = 4.4.0-119-generic
uname -s = Linux
uname -v = #143~14.04.1-Ubuntu SMP Mon Apr 2 18:04:36 UTC 2018

/usr/bin/uname -p = unknown
/bin/uname -X     = unknown

/bin/arch              = unknown
/usr/bin/arch -k       = unknown
/usr/convex/getsysinfo = unknown
/usr/bin/hostinfo      = unknown
/bin/machine           = unknown
/usr/bin/oslevel       = unknown
/bin/universe          = unknown

PATH: /home/ross/anaconda3/bin
PATH: /usr/local/sbin
PATH: /usr/local/bin
PATH: /usr/sbin
PATH: /usr/bin
PATH: /sbin
PATH: /bin
PATH: /usr/games
PATH: /usr/local/games
PATH: /usr/lib/jvm/java-8-oracle/bin
PATH: /usr/lib/jvm/java-8-oracle/db/bin
PATH: /usr/lib/jvm/java-8-oracle/jre/bin
PATH: /replex/YCSB/bin


## ----------- ##
## Core tests. ##
## ----------- ##

configure:2919: checking for a BSD-compatible install
configure:2987: result: /usr/bin/install -c
configure:2998: checking whether build environment is sane
configure:3053: result: yes
configure:3204: checking for a thread-safe mkdir -p
configure:3243: result: /bin/mkdir -p
configure:3250: checking for gawk
configure:3280: result: no
configure:3250: checking for mawk
configure:3266: found /usr/bin/mawk
configure:3277: result: mawk
configure:3288: checking whether make sets $(MAKE)
configure:3310: result: yes
configure:3339: checking whether make supports nested variables
configure:3356: result: yes
configure:3492: checking whether make supports nested variables
configure:3509: result: yes
configure:3555: checking for a Python interpreter with version >= 2.6
configure:3572: python -c import sys # split strings by '.' and convert to numeric. Append some zeros # because we need at least 4 digits for the hex conversion. # map returns an iterator in Python 3.0 and a list in 2.x minver = list(map(int, '2.6'.split('.'))) + [0, 0, 0] minverhex = 0 # xrange is not present in Python 3.0 and range returns an iterator for i in list(range(0, 4)): minverhex = (minverhex << 8) + minver[i] sys.exit(sys.hexversion < minverhex)
configure:3575: $? = 0
configure:3581: result: python
configure:3589: checking for python
configure:3607: found /home/ross/anaconda3/bin/python
configure:3619: result: /home/ross/anaconda3/bin/python
configure:3637: checking for python version
configure:3644: result: 3.6
configure:3656: checking for python platform
configure:3663: result: linux
configure:3689: checking for python script directory
configure:3724: result: ${prefix}/lib/python3.6/site-packages
configure:3733: checking for python extension module directory
configure:3768: result: ${exec_prefix}/lib/python3.6/site-packages
configure:3811: checking build system type
configure:3825: result: x86_64-unknown-linux-gnu
configure:3845: checking host system type
configure:3858: result: x86_64-unknown-linux-gnu
configure:3899: checking how to print strings
configure:3926: result: printf
configure:3959: checking for style of include used by make
configure:3987: result: GNU
configure:4058: checking for gcc
configure:4074: found /usr/bin/gcc
configure:4085: result: gcc
configure:4314: checking for C compiler version
configure:4323: gcc --version >&5
gcc (Ubuntu 4.8.4-2ubuntu1~14.04.4) 4.8.4
Copyright (C) 2013 Free Software Foundation, Inc.
This is free software; see the source for copying conditions.  There is NO
warranty; not even for MERCHANTABILITY or FITNESS FOR A PARTICULAR PURPOSE.

configure:4334: $? = 0
configure:4323: gcc -v >&5
Using built-in specs.
COLLECT_GCC=gcc
COLLECT_LTO_WRAPPER=/usr/lib/gcc/x86_64-linux-gnu/4.8/lto-wrapper
Target: x86_64-linux-gnu
Configured with: ../src/configure -v --with-pkgversion='Ubuntu 4.8.4-2ubuntu1~14.04.4' --with-bugurl=file:///usr/share/doc/gcc-4.8/README.Bugs --enable-languages=c,c++,java,go,d,fortran,objc,obj-c++ --prefix=/usr --program-suffix=-4.8 --enable-shared --enable-linker-build-id --libexecdir=/usr/lib --without-included-gettext --enable-threads=posix --with-gxx-include-dir=/usr/include/c++/4.8 --libdir=/usr/lib --enable-nls --with-sysroot=/ --enable-clocale=gnu --enable-libstdcxx-debug --enable-libstdcxx-time=yes --enable-gnu-unique-object --disable-libmudflap --enable-plugin --with-system-zlib --disable-browser-plugin --enable-java-awt=gtk --enable-gtk-cairo --with-java-home=/usr/lib/jvm/java-1.5.0-gcj-4.8-amd64/jre --enable-java-home --with-jvm-root-dir=/usr/lib/jvm/java-1.5.0-gcj-4.8-amd64 --with-jvm-jar-dir=/usr/lib/jvm-exports/java-1.5.0-gcj-4.8-amd64 --with-arch-directory=amd64 --with-ecj-jar=/usr/share/java/eclipse-ecj.jar --enable-objc-gc --enable-multiarch --disable-werror --with-arch-32=i686 --with-abi=m64 --with-multilib-list=m32,m64,mx32 --with-tune=generic --enable-checking=release --build=x86_64-linux-gnu --host=x86_64-linux-gnu --target=x86_64-linux-gnu
Thread model: posix
gcc version 4.8.4 (Ubuntu 4.8.4-2ubuntu1~14.04.4) 
configure:4334: $? = 0
configure:4323: gcc -V >&5
gcc: error: unrecognized command line option '-V'
gcc: fatal error: no input files
compilation terminated.
configure:4334: $? = 4
configure:4323: gcc -qversion >&5
gcc: error: unrecognized command line option '-qversion'
gcc: fatal error: no input files
compilation terminated.
configure:4334: $? = 4
configure:4354: checking whether the C compiler works
configure:4376: gcc    conftest.c  >&5
configure:4380: $? = 0
configure:4428: result: yes
configure:4431: checking for C compiler default output file name
configure:4433: result: a.out
configure:4439: checking for suffix of executables
configure:4446: gcc -o conftest    conftest.c  >&5
configure:4450: $? = 0
configure:4472: result: 
configure:4494: checking whether we are cross compiling
configure:4502: gcc -o conftest    conftest.c  >&5
configure:4506: $? = 0
configure:4513: ./conftest
configure:4517: $? = 0
configure:4532: result: no
configure:4537: checking for suffix of object files
configure:4559: gcc -c   conftest.c >&5
configure:4563: $? = 0
configure:4584: result: o
configure:4588: checking whether we are using the GNU C compiler
configure:4607: gcc -c   conftest.c >&5
configure:4607: $? = 0
configure:4616: result: yes
configure:4625: checking whether gcc accepts -g
configure:4645: gcc -c -g  conftest.c >&5
configure:4645: $? = 0
configure:4686: result: yes
configure:4703: checking for gcc option to accept ISO C89
configure:4766: gcc  -c -g -O2  conftest.c >&5
configure:4766: $? = 0
configure:4779: result: none needed
configure:4804: checking whether gcc understands -c and -o together
configure:4826: gcc -c conftest.c -o conftest2.o
configure:4829: $? = 0
configure:4826: gcc -c conftest.c -o conftest2.o
configure:4829: $? = 0
configure:4841: result: yes
configure:4860: checking dependency style of gcc
configure:4971: result: gcc3
configure:4986: checking for a sed that does not truncate output
configure:5050: result: /bin/sed
configure:5068: checking for grep that handles long lines and -e
configure:5126: result: /bin/grep
configure:5131: checking for egrep
configure:5193: result: /bin/grep -E
configure:5198: checking for fgrep
configure:5260: result: /bin/grep -F
configure:5295: checking for ld used by gcc
configure:5362: result: /usr/bin/ld
configure:5369: checking if the linker (/usr/bin/ld) is GNU ld
configure:5384: result: yes
configure:5396: checking for BSD- or MS-compatible name lister (nm)
configure:5445: result: /usr/bin/nm -B
configure:5575: checking the name lister (/usr/bin/nm -B) interface
configure:5582: gcc -c -g -O2  conftest.c >&5
configure:5585: /usr/bin/nm -B "conftest.o"
configure:5588: output
0000000000000000 B some_variable
configure:5595: result: BSD nm
configure:5598: checking whether ln -s works
configure:5602: result: yes
configure:5610: checking the maximum length of command line arguments
configure:5741: result: 1572864
configure:5758: checking whether the shell understands some XSI constructs
configure:5768: result: yes
configure:5772: checking whether the shell understands "+="
configure:5778: result: yes
configure:5813: checking how to convert x86_64-unknown-linux-gnu file names to x86_64-unknown-linux-gnu format
configure:5853: result: func_convert_file_noop
configure:5860: checking how to convert x86_64-unknown-linux-gnu file names to toolchain format
configure:5880: result: func_convert_file_noop
configure:5887: checking for /usr/bin/ld option to reload object files
configure:5894: result: -r
configure:5968: checking for objdump
configure:5984: found /usr/bin/objdump
configure:5995: result: objdump
configure:6027: checking how to recognize dependent libraries
configure:6225: result: pass_all
configure:6310: checking for dlltool
configure:6340: result: no
configure:6370: checking how to associate runtime and link libraries
configure:6397: result: printf %s\n
configure:6458: checking for ar
configure:6474: found /usr/bin/ar
configure:6485: result: ar
configure:6522: checking for archiver @FILE support
configure:6539: gcc -c -g -O2  conftest.c >&5
configure:6539: $? = 0
configure:6542: ar cru libconftest.a @conftest.lst >&5
configure:6545: $? = 0
configure:6550: ar cru libconftest.a @conftest.lst >&5
ar: conftest.o: No such file or directory
configure:6553: $? = 1
configure:6565: result: @
configure:6623: checking for strip
configure:6639: found /usr/bin/strip
configure:6650: result: strip
configure:6722: checking for ranlib
configure:6738: found /usr/bin/ranlib
configure:6749: result: ranlib
configure:6851: checking command to parse /usr/bin/nm -B output from gcc object
configure:6971: gcc -c -g -O2  conftest.c >&5
configure:6974: $? = 0
configure:6978: /usr/bin/nm -B conftest.o \| sed -n -e 's/^.*[ ]\([ABCDGIRSTW][ABCDGIRSTW]*\)[ ][ ]*\([_A-Za-z][_A-Za-z0-9]*\)$/\1 \2 \2/p' | sed '/ __gnu_lto/d' \> conftest.nm
configure:6981: $? = 0
configure:7047: gcc -o conftest -g -O2   conftest.c conftstm.o >&5
configure:7050: $? = 0
configure:7088: result: ok
configure:7125: checking for sysroot
configure:7155: result: no
configure:7232: gcc -c -g -O2  conftest.c >&5
configure:7235: $? = 0
configure:7424: checking for mt
configure:7440: found /bin/mt
configure:7451: result: mt
configure:7474: checking if mt is a manifest tool
configure:7480: mt '-?'
configure:7488: result: no
configure:8130: checking how to run the C preprocessor
configure:8161: gcc -E  conftest.c
configure:8161: $? = 0
configure:8175: gcc -E  conftest.c
conftest.c:11:28: fatal error: ac_nonexistent.h: No such file or directory
 #include <ac_nonexistent.h>
                            ^
compilation terminated.
configure:8175: $? = 1
configure: failed program was:
| /* confdefs.h */
| #define PACKAGE_NAME "HyperDex"
| #define PACKAGE_TARNAME "hyperdex"
| #define PACKAGE_VERSION "1.8.1"
| #define PACKAGE_STRING "HyperDex 1.8.1"
| #define PACKAGE_BUGREPORT "robert@hyperdex.org"
| #define PACKAGE_URL ""
| #define PACKAGE "hyperdex"
| #define VERSION "1.8.1"
| /* end confdefs.h.  */
| #include <ac_nonexistent.h>
configure:8200: result: gcc -E
configure:8220: gcc -E  conftest.c
configure:8220: $? = 0
configure:8234: gcc -E  conftest.c
conftest.c:11:28: fatal error: ac_nonexistent.h: No such file or directory
 #include <ac_nonexistent.h>
                            ^
compilation terminated.
configure:8234: $? = 1
configure: failed program was:
| /* confdefs.h */
| #define PACKAGE_NAME "HyperDex"
| #define PACKAGE_TARNAME "hyperdex"
| #define PACKAGE_VERSION "1.8.1"
| #define PACKAGE_STRING "HyperDex 1.8.1"
| #define PACKAGE_BUGREPORT "robert@hyperdex.org"
| #define PACKAGE_URL ""
| #define PACKAGE "hyperdex"
| #define VERSION "1.8.1"
| /* end confdefs.h.  */
| #include <ac_nonexistent.h>
configure:8263: checking for ANSI C header files
configure:8283: gcc -c -g -O2  conftest.c >&5
configure:8283: $? = 0
configure:8356: gcc -o conftest -g -O2   conftest.c  >&5
configure:8356: $? = 0
configure:8356: ./conftest
configure:8356: $? = 0
configure:8367: result: yes
configure:8380: checking for sys/types.h
configure:8380: gcc -c -g -O2  conftest.c >&5
configure:8380: $? = 0
configure:8380: result: yes
configure:8380: checking for sys/stat.h
configure:8380: gcc -c -g -O2  conftest.c >&5
configure:8380: $? = 0
configure:8380: result: yes
configure:8380: checking for stdlib.h
configure:8380: gcc -c -g -O2  conftest.c >&5
configure:8380: $? = 0
configure:8380: result: yes
configure:8380: checking for string.h
configure:8380: gcc -c -g -O2  conftest.c >&5
configure:8380: $? = 0
configure:8380: result: yes
configure:8380: checking for memory.h
configure:8380: gcc -c -g -O2  conftest.c >&5
configure:8380: $? = 0
configure:8380: result: yes
configure:8380: checking for strings.h
configure:8380: gcc -c -g -O2  conftest.c >&5
configure:8380: $? = 0
configure:8380: result: yes
configure:8380: checking for inttypes.h
configure:8380: gcc -c -g -O2  conftest.c >&5
configure:8380: $? = 0
configure:8380: result: yes
configure:8380: checking for stdint.h
configure:8380: gcc -c -g -O2  conftest.c >&5
configure:8380: $? = 0
configure:8380: result: yes
configure:8380: checking for unistd.h
configure:8380: gcc -c -g -O2  conftest.c >&5
configure:8380: $? = 0
configure:8380: result: yes
configure:8394: checking for dlfcn.h
configure:8394: gcc -c -g -O2  conftest.c >&5
configure:8394: $? = 0
configure:8394: result: yes
configure:8600: checking for objdir
configure:8615: result: .libs
configure:8886: checking if gcc supports -fno-rtti -fno-exceptions
configure:8904: gcc -c -g -O2  -fno-rtti -fno-exceptions conftest.c >&5
cc1: warning: command line option '-fno-rtti' is valid for C++/ObjC++ but not for C [enabled by default]
configure:8908: $? = 0
configure:8921: result: no
configure:9248: checking for gcc option to produce PIC
configure:9255: result: -fPIC -DPIC
configure:9263: checking if gcc PIC flag -fPIC -DPIC works
configure:9281: gcc -c -g -O2  -fPIC -DPIC -DPIC conftest.c >&5
configure:9285: $? = 0
configure:9298: result: yes
configure:9327: checking if gcc static flag -static works
configure:9355: result: yes
configure:9370: checking if gcc supports -c -o file.o
configure:9391: gcc -c -g -O2  -o out/conftest2.o conftest.c >&5
configure:9395: $? = 0
configure:9417: result: yes
configure:9425: checking if gcc supports -c -o file.o
configure:9472: result: yes
configure:9505: checking whether the gcc linker (/usr/bin/ld -m elf_x86_64) supports shared libraries
configure:10662: result: yes
configure:10699: checking whether -lc should be explicitly linked in
configure:10707: gcc -c -g -O2  conftest.c >&5
configure:10710: $? = 0
configure:10725: gcc -shared  -fPIC -DPIC conftest.o  -v -Wl,-soname -Wl,conftest -o conftest 2\>\&1 \| /bin/grep  -lc  \>/dev/null 2\>\&1
configure:10728: $? = 0
configure:10742: result: no
configure:10902: checking dynamic linker characteristics
configure:11402: gcc -o conftest -g -O2   -Wl,-rpath -Wl,/foo conftest.c  >&5
configure:11402: $? = 0
configure:11636: result: GNU/Linux ld.so
configure:11743: checking how to hardcode library paths into programs
configure:11768: result: immediate
configure:12308: checking whether stripping libraries is possible
configure:12313: result: yes
configure:12348: checking if libtool supports shared libraries
configure:12350: result: yes
configure:12353: checking whether to build shared libraries
configure:12374: result: yes
configure:12377: checking whether to build static libraries
configure:12381: result: yes
configure:12574: checking for g++
configure:12590: found /usr/bin/g++
configure:12601: result: g++
configure:12628: checking for C++ compiler version
configure:12637: g++ --version >&5
g++ (Ubuntu 4.8.4-2ubuntu1~14.04.4) 4.8.4
Copyright (C) 2013 Free Software Foundation, Inc.
This is free software; see the source for copying conditions.  There is NO
warranty; not even for MERCHANTABILITY or FITNESS FOR A PARTICULAR PURPOSE.

configure:12648: $? = 0
configure:12637: g++ -v >&5
Using built-in specs.
COLLECT_GCC=g++
COLLECT_LTO_WRAPPER=/usr/lib/gcc/x86_64-linux-gnu/4.8/lto-wrapper
Target: x86_64-linux-gnu
Configured with: ../src/configure -v --with-pkgversion='Ubuntu 4.8.4-2ubuntu1~14.04.4' --with-bugurl=file:///usr/share/doc/gcc-4.8/README.Bugs --enable-languages=c,c++,java,go,d,fortran,objc,obj-c++ --prefix=/usr --program-suffix=-4.8 --enable-shared --enable-linker-build-id --libexecdir=/usr/lib --without-included-gettext --enable-threads=posix --with-gxx-include-dir=/usr/include/c++/4.8 --libdir=/usr/lib --enable-nls --with-sysroot=/ --enable-clocale=gnu --enable-libstdcxx-debug --enable-libstdcxx-time=yes --enable-gnu-unique-object --disable-libmudflap --enable-plugin --with-system-zlib --disable-browser-plugin --enable-java-awt=gtk --enable-gtk-cairo --with-java-home=/usr/lib/jvm/java-1.5.0-gcj-4.8-amd64/jre --enable-java-home --with-jvm-root-dir=/usr/lib/jvm/java-1.5.0-gcj-4.8-amd64 --with-jvm-jar-dir=/usr/lib/jvm-exports/java-1.5.0-gcj-4.8-amd64 --with-arch-directory=amd64 --with-ecj-jar=/usr/share/java/eclipse-ecj.jar --enable-objc-gc --enable-multiarch --disable-werror --with-arch-32=i686 --with-abi=m64 --with-multilib-list=m32,m64,mx32 --with-tune=generic --enable-checking=release --build=x86_64-linux-gnu --host=x86_64-linux-gnu --target=x86_64-linux-gnu
Thread model: posix
gcc version 4.8.4 (Ubuntu 4.8.4-2ubuntu1~14.04.4) 
configure:12648: $? = 0
configure:12637: g++ -V >&5
g++: error: unrecognized command line option '-V'
g++: fatal error: no input files
compilation terminated.
configure:12648: $? = 4
configure:12637: g++ -qversion >&5
g++: error: unrecognized command line option '-qversion'
g++: fatal error: no input files
compilation terminated.
configure:12648: $? = 4
configure:12652: checking whether we are using the GNU C++ compiler
configure:12671: g++ -c   conftest.cpp >&5
configure:12671: $? = 0
configure:12680: result: yes
configure:12689: checking whether g++ accepts -g
configure:12709: g++ -c -g  conftest.cpp >&5
configure:12709: $? = 0
configure:12750: result: yes
configure:12775: checking dependency style of g++
configure:12886: result: gcc3
configure:12919: checking how to run the C++ preprocessor
configure:12946: g++ -E  conftest.cpp
configure:12946: $? = 0
configure:12960: g++ -E  conftest.cpp
conftest.cpp:23:28: fatal error: ac_nonexistent.h: No such file or directory
 #include <ac_nonexistent.h>
                            ^
compilation terminated.
configure:12960: $? = 1
configure: failed program was:
| /* confdefs.h */
| #define PACKAGE_NAME "HyperDex"
| #define PACKAGE_TARNAME "hyperdex"
| #define PACKAGE_VERSION "1.8.1"
| #define PACKAGE_STRING "HyperDex 1.8.1"
| #define PACKAGE_BUGREPORT "robert@hyperdex.org"
| #define PACKAGE_URL ""
| #define PACKAGE "hyperdex"
| #define VERSION "1.8.1"
| #define STDC_HEADERS 1
| #define HAVE_SYS_TYPES_H 1
| #define HAVE_SYS_STAT_H 1
| #define HAVE_STDLIB_H 1
| #define HAVE_STRING_H 1
| #define HAVE_MEMORY_H 1
| #define HAVE_STRINGS_H 1
| #define HAVE_INTTYPES_H 1
| #define HAVE_STDINT_H 1
| #define HAVE_UNISTD_H 1
| #define HAVE_DLFCN_H 1
| #define LT_OBJDIR ".libs/"
| /* end confdefs.h.  */
| #include <ac_nonexistent.h>
configure:12985: result: g++ -E
configure:13005: g++ -E  conftest.cpp
configure:13005: $? = 0
configure:13019: g++ -E  conftest.cpp
conftest.cpp:23:28: fatal error: ac_nonexistent.h: No such file or directory
 #include <ac_nonexistent.h>
                            ^
compilation terminated.
configure:13019: $? = 1
configure: failed program was:
| /* confdefs.h */
| #define PACKAGE_NAME "HyperDex"
| #define PACKAGE_TARNAME "hyperdex"
| #define PACKAGE_VERSION "1.8.1"
| #define PACKAGE_STRING "HyperDex 1.8.1"
| #define PACKAGE_BUGREPORT "robert@hyperdex.org"
| #define PACKAGE_URL ""
| #define PACKAGE "hyperdex"
| #define VERSION "1.8.1"
| #define STDC_HEADERS 1
| #define HAVE_SYS_TYPES_H 1
| #define HAVE_SYS_STAT_H 1
| #define HAVE_STDLIB_H 1
| #define HAVE_STRING_H 1
| #define HAVE_MEMORY_H 1
| #define HAVE_STRINGS_H 1
| #define HAVE_INTTYPES_H 1
| #define HAVE_STDINT_H 1
| #define HAVE_UNISTD_H 1
| #define HAVE_DLFCN_H 1
| #define LT_OBJDIR ".libs/"
| /* end confdefs.h.  */
| #include <ac_nonexistent.h>
configure:13188: checking for ld used by g++
configure:13255: result: /usr/bin/ld -m elf_x86_64
configure:13262: checking if the linker (/usr/bin/ld -m elf_x86_64) is GNU ld
configure:13277: result: yes
configure:13332: checking whether the g++ linker (/usr/bin/ld -m elf_x86_64) supports shared libraries
configure:14334: result: yes
configure:14370: g++ -c -g -O2  conftest.cpp >&5
configure:14373: $? = 0
configure:14893: checking for g++ option to produce PIC
configure:14900: result: -fPIC -DPIC
configure:14908: checking if g++ PIC flag -fPIC -DPIC works
configure:14926: g++ -c -g -O2  -fPIC -DPIC -DPIC conftest.cpp >&5
configure:14930: $? = 0
configure:14943: result: yes
configure:14966: checking if g++ static flag -static works
configure:14994: result: yes
configure:15006: checking if g++ supports -c -o file.o
configure:15027: g++ -c -g -O2  -o out/conftest2.o conftest.cpp >&5
configure:15031: $? = 0
configure:15053: result: yes
configure:15058: checking if g++ supports -c -o file.o
configure:15105: result: yes
configure:15135: checking whether the g++ linker (/usr/bin/ld -m elf_x86_64) supports shared libraries
configure:15174: result: yes
configure:15315: checking dynamic linker characteristics
configure:15983: result: GNU/Linux ld.so
configure:16036: checking how to hardcode library paths into programs
configure:16061: result: immediate
configure:16149: checking for gcc
configure:16176: result: gcc
configure:16405: checking for C compiler version
configure:16414: gcc --version >&5
gcc (Ubuntu 4.8.4-2ubuntu1~14.04.4) 4.8.4
Copyright (C) 2013 Free Software Foundation, Inc.
This is free software; see the source for copying conditions.  There is NO
warranty; not even for MERCHANTABILITY or FITNESS FOR A PARTICULAR PURPOSE.

configure:16425: $? = 0
configure:16414: gcc -v >&5
Using built-in specs.
COLLECT_GCC=gcc
COLLECT_LTO_WRAPPER=/usr/lib/gcc/x86_64-linux-gnu/4.8/lto-wrapper
Target: x86_64-linux-gnu
Configured with: ../src/configure -v --with-pkgversion='Ubuntu 4.8.4-2ubuntu1~14.04.4' --with-bugurl=file:///usr/share/doc/gcc-4.8/README.Bugs --enable-languages=c,c++,java,go,d,fortran,objc,obj-c++ --prefix=/usr --program-suffix=-4.8 --enable-shared --enable-linker-build-id --libexecdir=/usr/lib --without-included-gettext --enable-threads=posix --with-gxx-include-dir=/usr/include/c++/4.8 --libdir=/usr/lib --enable-nls --with-sysroot=/ --enable-clocale=gnu --enable-libstdcxx-debug --enable-libstdcxx-time=yes --enable-gnu-unique-object --disable-libmudflap --enable-plugin --with-system-zlib --disable-browser-plugin --enable-java-awt=gtk --enable-gtk-cairo --with-java-home=/usr/lib/jvm/java-1.5.0-gcj-4.8-amd64/jre --enable-java-home --with-jvm-root-dir=/usr/lib/jvm/java-1.5.0-gcj-4.8-amd64 --with-jvm-jar-dir=/usr/lib/jvm-exports/java-1.5.0-gcj-4.8-amd64 --with-arch-directory=amd64 --with-ecj-jar=/usr/share/java/eclipse-ecj.jar --enable-objc-gc --enable-multiarch --disable-werror --with-arch-32=i686 --with-abi=m64 --with-multilib-list=m32,m64,mx32 --with-tune=generic --enable-checking=release --build=x86_64-linux-gnu --host=x86_64-linux-gnu --target=x86_64-linux-gnu
Thread model: posix
gcc version 4.8.4 (Ubuntu 4.8.4-2ubuntu1~14.04.4) 
configure:16425: $? = 0
configure:16414: gcc -V >&5
gcc: error: unrecognized command line option '-V'
gcc: fatal error: no input files
compilation terminated.
configure:16425: $? = 4
configure:16414: gcc -qversion >&5
gcc: error: unrecognized command line option '-qversion'
gcc: fatal error: no input files
compilation terminated.
configure:16425: $? = 4
configure:16429: checking whether we are using the GNU C compiler
configure:16457: result: yes
configure:16466: checking whether gcc accepts -g
configure:16527: result: yes
configure:16544: checking for gcc option to accept ISO C89
configure:16620: result: none needed
configure:16645: checking whether gcc understands -c and -o together
configure:16682: result: yes
configure:16701: checking dependency style of gcc
configure:16812: result: gcc3
configure:16831: checking for flex
configure:16861: result: no
configure:16831: checking for lex
configure:16861: result: no
configure:16990: checking for bison
configure:17006: found /usr/bin/bison
configure:17017: result: bison -y
configure:19528: checking for jar
configure:19544: found /usr/bin/jar
configure:19555: result: jar
configure:19619: checking for gcj
configure:19649: result: no
configure:19619: checking for guavac
configure:19649: result: no
configure:19619: checking for jikes
configure:19649: result: no
configure:19619: checking for javac
configure:19635: found /usr/bin/javac
configure:19646: result: javac
configure:19704: checking if javac works
configure:19718: javac  Test.java
configure:19721: $? = 0
configure:19732: result: yes
configure:19815: _JTOPDIR=/usr/lib/jvm/java-8-oracle
configure:19816: _JINC=/usr/lib/jvm/java-8-oracle/include
configure:19822: checking for /usr/lib/jvm/java-8-oracle/include/jni.h
configure:19836: result: yes
configure:19910: checking for clock_gettime in -lrt
configure:19935: g++ -o conftest -g -O2   conftest.cpp -lrt   >&5
configure:19935: $? = 0
configure:19944: result: yes
configure:19965: checking for poptGetContext in -lpopt
configure:19990: g++ -o conftest -g -O2   conftest.cpp -lpopt   >&5
configure:19990: $? = 0
configure:19999: result: yes
configure:20012: checking for clock_gettime in -lrt
configure:20046: result: yes
configure:20065: checking for json_object_get_double in -ljson
configure:20090: g++ -o conftest -g -O2   conftest.cpp -ljson   >&5
/usr/bin/ld: cannot find -ljson
collect2: error: ld returned 1 exit status
configure:20090: $? = 1
configure: failed program was:
| /* confdefs.h */
| #define PACKAGE_NAME "HyperDex"
| #define PACKAGE_TARNAME "hyperdex"
| #define PACKAGE_VERSION "1.8.1"
| #define PACKAGE_STRING "HyperDex 1.8.1"
| #define PACKAGE_BUGREPORT "robert@hyperdex.org"
| #define PACKAGE_URL ""
| #define PACKAGE "hyperdex"
| #define VERSION "1.8.1"
| #define STDC_HEADERS 1
| #define HAVE_SYS_TYPES_H 1
| #define HAVE_SYS_STAT_H 1
| #define HAVE_STDLIB_H 1
| #define HAVE_STRING_H 1
| #define HAVE_MEMORY_H 1
| #define HAVE_STRINGS_H 1
| #define HAVE_INTTYPES_H 1
| #define HAVE_STDINT_H 1
| #define HAVE_UNISTD_H 1
| #define HAVE_DLFCN_H 1
| #define LT_OBJDIR ".libs/"
| /* end confdefs.h.  */
| 
| /* Override any GCC internal prototype to avoid an error.
|    Use char because int might match the return type of a GCC
|    builtin and then its argument prototype would still apply.  */
| #ifdef __cplusplus
| extern "C"
| #endif
| char json_object_get_double ();
| int
| main ()
| {
| return json_object_get_double ();
|   ;
|   return 0;
| }
configure:20099: result: no
configure:20107: checking for json_object_get_double in -ljson-c
configure:20132: g++ -o conftest -g -O2   conftest.cpp -ljson-c   >&5
/usr/bin/ld: cannot find -ljson-c
collect2: error: ld returned 1 exit status
configure:20132: $? = 1
configure: failed program was:
| /* confdefs.h */
| #define PACKAGE_NAME "HyperDex"
| #define PACKAGE_TARNAME "hyperdex"
| #define PACKAGE_VERSION "1.8.1"
| #define PACKAGE_STRING "HyperDex 1.8.1"
| #define PACKAGE_BUGREPORT "robert@hyperdex.org"
| #define PACKAGE_URL ""
| #define PACKAGE "hyperdex"
| #define VERSION "1.8.1"
| #define STDC_HEADERS 1
| #define HAVE_SYS_TYPES_H 1
| #define HAVE_SYS_STAT_H 1
| #define HAVE_STDLIB_H 1
| #define HAVE_STRING_H 1
| #define HAVE_MEMORY_H 1
| #define HAVE_STRINGS_H 1
| #define HAVE_INTTYPES_H 1
| #define HAVE_STDINT_H 1
| #define HAVE_UNISTD_H 1
| #define HAVE_DLFCN_H 1
| #define LT_OBJDIR ".libs/"
| /* end confdefs.h.  */
| 
| /* Override any GCC internal prototype to avoid an error.
|    Use char because int might match the return type of a GCC
|    builtin and then its argument prototype would still apply.  */
| #ifdef __cplusplus
| extern "C"
| #endif
| char json_object_get_double ();
| int
| main ()
| {
| return json_object_get_double ();
|   ;
|   return 0;
| }
configure:20141: result: no
configure:20205: checking for pkg-config
configure:20223: found /usr/bin/pkg-config
configure:20235: result: /usr/bin/pkg-config
configure:20260: checking pkg-config is at least version 0.9.0
configure:20263: result: yes
configure:20273: checking for PO6
configure:20280: $PKG_CONFIG --exists --print-errors "libpo6 >= 0.8"
configure:20283: $? = 0
configure:20297: $PKG_CONFIG --exists --print-errors "libpo6 >= 0.8"
configure:20300: $? = 0
configure:20358: result: yes
configure:20364: checking for E
configure:20371: $PKG_CONFIG --exists --print-errors "libe >= 0.11"
configure:20374: $? = 0
configure:20388: $PKG_CONFIG --exists --print-errors "libe >= 0.11"
configure:20391: $? = 0
configure:20449: result: yes
configure:20455: checking for BUSYBEE
configure:20462: $PKG_CONFIG --exists --print-errors "busybee >= 0.7"
configure:20465: $? = 0
configure:20479: $PKG_CONFIG --exists --print-errors "busybee >= 0.7"
configure:20482: $? = 0
configure:20540: result: yes
configure:20549: checking for HYPERLEVELDB
configure:20556: $PKG_CONFIG --exists --print-errors "libhyperleveldb >= 1.2"
configure:20559: $? = 0
configure:20573: $PKG_CONFIG --exists --print-errors "libhyperleveldb >= 1.2"
configure:20576: $? = 0
configure:20634: result: yes
configure:20642: checking for REPLICANT
configure:20649: $PKG_CONFIG --exists --print-errors "replicant >= 0.8"
configure:20652: $? = 0
configure:20666: $PKG_CONFIG --exists --print-errors "replicant >= 0.8"
configure:20669: $? = 0
configure:20727: result: yes
configure:20733: checking for MACAROONS
configure:20740: $PKG_CONFIG --exists --print-errors "libmacaroons >= 0.3"
configure:20743: $? = 0
configure:20757: $PKG_CONFIG --exists --print-errors "libmacaroons >= 0.3"
configure:20760: $? = 0
configure:20818: result: yes
configure:20824: checking for TREADSTONE
configure:20831: $PKG_CONFIG --exists --print-errors "libtreadstone >= 0.2"
configure:20834: $? = 0
configure:20848: $PKG_CONFIG --exists --print-errors "libtreadstone >= 0.2"
configure:20851: $? = 0
configure:20909: result: yes
configure:20919: checking netinet/in.h usability
configure:20919: g++ -c -g -O2  conftest.cpp >&5
configure:20919: $? = 0
configure:20919: result: yes
configure:20919: checking netinet/in.h presence
configure:20919: g++ -E  conftest.cpp
configure:20919: $? = 0
configure:20919: result: yes
configure:20919: checking for netinet/in.h
configure:20919: result: yes
configure:20919: checking for stdint.h
configure:20919: result: yes
configure:20919: checking for stdlib.h
configure:20919: result: yes
configure:20919: checking sys/socket.h usability
configure:20919: g++ -c -g -O2  conftest.cpp >&5
configure:20919: $? = 0
configure:20919: result: yes
configure:20919: checking sys/socket.h presence
configure:20919: g++ -E  conftest.cpp
configure:20919: $? = 0
configure:20919: result: yes
configure:20919: checking for sys/socket.h
configure:20919: result: yes
configure:20919: checking for unistd.h
configure:20919: result: yes
configure:20932: checking glog/logging.h usability
configure:20932: g++ -c -g -O2  conftest.cpp >&5
configure:20932: $? = 0
configure:20932: result: yes
configure:20932: checking glog/logging.h presence
configure:20932: g++ -E  conftest.cpp
configure:20932: $? = 0
configure:20932: result: yes
configure:20932: checking for glog/logging.h
configure:20932: result: yes
configure:20954: checking popt.h usability
configure:20954: g++ -c -g -O2  conftest.cpp >&5
configure:20954: $? = 0
configure:20954: result: yes
configure:20954: checking popt.h presence
configure:20954: g++ -E  conftest.cpp
configure:20954: $? = 0
configure:20954: result: yes
configure:20954: checking for popt.h
configure:20954: result: yes
configure:20973: checking for stdbool.h that conforms to C99
configure:21040: g++ -c -g -O2  conftest.cpp >&5
configure:21040: $? = 0
configure:21047: result: yes
configure:21049: checking for _Bool
configure:21049: g++ -c -g -O2  conftest.cpp >&5
conftest.cpp: In function 'int main()':
conftest.cpp:64:13: error: '_Bool' was not declared in this scope
 if (sizeof (_Bool))
             ^
configure:21049: $? = 1
configure: failed program was:
| /* confdefs.h */
| #define PACKAGE_NAME "HyperDex"
| #define PACKAGE_TARNAME "hyperdex"
| #define PACKAGE_VERSION "1.8.1"
| #define PACKAGE_STRING "HyperDex 1.8.1"
| #define PACKAGE_BUGREPORT "robert@hyperdex.org"
| #define PACKAGE_URL ""
| #define PACKAGE "hyperdex"
| #define VERSION "1.8.1"
| #define STDC_HEADERS 1
| #define HAVE_SYS_TYPES_H 1
| #define HAVE_SYS_STAT_H 1
| #define HAVE_STDLIB_H 1
| #define HAVE_STRING_H 1
| #define HAVE_MEMORY_H 1
| #define HAVE_STRINGS_H 1
| #define HAVE_INTTYPES_H 1
| #define HAVE_STDINT_H 1
| #define HAVE_UNISTD_H 1
| #define HAVE_DLFCN_H 1
| #define LT_OBJDIR ".libs/"
| #define HAVE_NETINET_IN_H 1
| #define HAVE_STDINT_H 1
| #define HAVE_STDLIB_H 1
| #define HAVE_SYS_SOCKET_H 1
| #define HAVE_UNISTD_H 1
| /* end confdefs.h.  */
| #include <stdio.h>
| #ifdef HAVE_SYS_TYPES_H
| # include <sys/types.h>
| #endif
| #ifdef HAVE_SYS_STAT_H
| # include <sys/stat.h>
| #endif
| #ifdef STDC_HEADERS
| # include <stdlib.h>
| # include <stddef.h>
| #else
| # ifdef HAVE_STDLIB_H
| #  include <stdlib.h>
| # endif
| #endif
| #ifdef HAVE_STRING_H
| # if !defined STDC_HEADERS && defined HAVE_MEMORY_H
| #  include <memory.h>
| # endif
| # include <string.h>
| #endif
| #ifdef HAVE_STRINGS_H
| # include <strings.h>
| #endif
| #ifdef HAVE_INTTYPES_H
| # include <inttypes.h>
| #endif
| #ifdef HAVE_STDINT_H
| # include <stdint.h>
| #endif
| #ifdef HAVE_UNISTD_H
| # include <unistd.h>
| #endif
| int
| main ()
| {
| if (sizeof (_Bool))
| 	 return 0;
|   ;
|   return 0;
| }
configure:21049: result: no
configure:21066: checking for inline
configure:21082: g++ -c -g -O2  conftest.cpp >&5
configure:21082: $? = 0
configure:21090: result: inline
configure:21108: checking for int64_t
configure:21108: g++ -c -g -O2  conftest.cpp >&5
configure:21108: $? = 0
configure:21108: g++ -c -g -O2  conftest.cpp >&5
conftest.cpp: In function 'int main()':
conftest.cpp:67:55: warning: integer overflow in expression [-Woverflow]
    < (int64_t) (((((int64_t) 1 << N) << N) - 1) * 2 + 2))];
                                                       ^
conftest.cpp:67:58: error: size of array 'test_array' is negative
    < (int64_t) (((((int64_t) 1 << N) << N) - 1) * 2 + 2))];
                                                          ^
configure:21108: $? = 1
configure: failed program was:
| /* confdefs.h */
| #define PACKAGE_NAME "HyperDex"
| #define PACKAGE_TARNAME "hyperdex"
| #define PACKAGE_VERSION "1.8.1"
| #define PACKAGE_STRING "HyperDex 1.8.1"
| #define PACKAGE_BUGREPORT "robert@hyperdex.org"
| #define PACKAGE_URL ""
| #define PACKAGE "hyperdex"
| #define VERSION "1.8.1"
| #define STDC_HEADERS 1
| #define HAVE_SYS_TYPES_H 1
| #define HAVE_SYS_STAT_H 1
| #define HAVE_STDLIB_H 1
| #define HAVE_STRING_H 1
| #define HAVE_MEMORY_H 1
| #define HAVE_STRINGS_H 1
| #define HAVE_INTTYPES_H 1
| #define HAVE_STDINT_H 1
| #define HAVE_UNISTD_H 1
| #define HAVE_DLFCN_H 1
| #define LT_OBJDIR ".libs/"
| #define HAVE_NETINET_IN_H 1
| #define HAVE_STDINT_H 1
| #define HAVE_STDLIB_H 1
| #define HAVE_SYS_SOCKET_H 1
| #define HAVE_UNISTD_H 1
| #define HAVE_STDBOOL_H 1
| /* end confdefs.h.  */
| #include <stdio.h>
| #ifdef HAVE_SYS_TYPES_H
| # include <sys/types.h>
| #endif
| #ifdef HAVE_SYS_STAT_H
| # include <sys/stat.h>
| #endif
| #ifdef STDC_HEADERS
| # include <stdlib.h>
| # include <stddef.h>
| #else
| # ifdef HAVE_STDLIB_H
| #  include <stdlib.h>
| # endif
| #endif
| #ifdef HAVE_STRING_H
| # if !defined STDC_HEADERS && defined HAVE_MEMORY_H
| #  include <memory.h>
| # endif
| # include <string.h>
| #endif
| #ifdef HAVE_STRINGS_H
| # include <strings.h>
| #endif
| #ifdef HAVE_INTTYPES_H
| # include <inttypes.h>
| #endif
| #ifdef HAVE_STDINT_H
| # include <stdint.h>
| #endif
| #ifdef HAVE_UNISTD_H
| # include <unistd.h>
| #endif
| 	        enum { N = 64 / 2 - 1 };
| int
| main ()
| {
| static int test_array [1 - 2 * !((int64_t) (((((int64_t) 1 << N) << N) - 1) * 2 + 1)
| 		 < (int64_t) (((((int64_t) 1 << N) << N) - 1) * 2 + 2))];
| test_array [0] = 0;
| return test_array [0];
| 
|   ;
|   return 0;
| }
configure:21108: result: yes
configure:21119: checking for size_t
configure:21119: g++ -c -g -O2  conftest.cpp >&5
configure:21119: $? = 0
configure:21119: g++ -c -g -O2  conftest.cpp >&5
conftest.cpp: In function 'int main()':
conftest.cpp:65:20: error: expected primary-expression before ')' token
 if (sizeof ((size_t)))
                    ^
configure:21119: $? = 1
configure: failed program was:
| /* confdefs.h */
| #define PACKAGE_NAME "HyperDex"
| #define PACKAGE_TARNAME "hyperdex"
| #define PACKAGE_VERSION "1.8.1"
| #define PACKAGE_STRING "HyperDex 1.8.1"
| #define PACKAGE_BUGREPORT "robert@hyperdex.org"
| #define PACKAGE_URL ""
| #define PACKAGE "hyperdex"
| #define VERSION "1.8.1"
| #define STDC_HEADERS 1
| #define HAVE_SYS_TYPES_H 1
| #define HAVE_SYS_STAT_H 1
| #define HAVE_STDLIB_H 1
| #define HAVE_STRING_H 1
| #define HAVE_MEMORY_H 1
| #define HAVE_STRINGS_H 1
| #define HAVE_INTTYPES_H 1
| #define HAVE_STDINT_H 1
| #define HAVE_UNISTD_H 1
| #define HAVE_DLFCN_H 1
| #define LT_OBJDIR ".libs/"
| #define HAVE_NETINET_IN_H 1
| #define HAVE_STDINT_H 1
| #define HAVE_STDLIB_H 1
| #define HAVE_SYS_SOCKET_H 1
| #define HAVE_UNISTD_H 1
| #define HAVE_STDBOOL_H 1
| /* end confdefs.h.  */
| #include <stdio.h>
| #ifdef HAVE_SYS_TYPES_H
| # include <sys/types.h>
| #endif
| #ifdef HAVE_SYS_STAT_H
| # include <sys/stat.h>
| #endif
| #ifdef STDC_HEADERS
| # include <stdlib.h>
| # include <stddef.h>
| #else
| # ifdef HAVE_STDLIB_H
| #  include <stdlib.h>
| # endif
| #endif
| #ifdef HAVE_STRING_H
| # if !defined STDC_HEADERS && defined HAVE_MEMORY_H
| #  include <memory.h>
| # endif
| # include <string.h>
| #endif
| #ifdef HAVE_STRINGS_H
| # include <strings.h>
| #endif
| #ifdef HAVE_INTTYPES_H
| # include <inttypes.h>
| #endif
| #ifdef HAVE_STDINT_H
| # include <stdint.h>
| #endif
| #ifdef HAVE_UNISTD_H
| # include <unistd.h>
| #endif
| int
| main ()
| {
| if (sizeof ((size_t)))
| 	    return 0;
|   ;
|   return 0;
| }
configure:21119: result: yes
configure:21130: checking for ssize_t
configure:21130: g++ -c -g -O2  conftest.cpp >&5
configure:21130: $? = 0
configure:21130: g++ -c -g -O2  conftest.cpp >&5
conftest.cpp: In function 'int main()':
conftest.cpp:65:21: error: expected primary-expression before ')' token
 if (sizeof ((ssize_t)))
                     ^
configure:21130: $? = 1
configure: failed program was:
| /* confdefs.h */
| #define PACKAGE_NAME "HyperDex"
| #define PACKAGE_TARNAME "hyperdex"
| #define PACKAGE_VERSION "1.8.1"
| #define PACKAGE_STRING "HyperDex 1.8.1"
| #define PACKAGE_BUGREPORT "robert@hyperdex.org"
| #define PACKAGE_URL ""
| #define PACKAGE "hyperdex"
| #define VERSION "1.8.1"
| #define STDC_HEADERS 1
| #define HAVE_SYS_TYPES_H 1
| #define HAVE_SYS_STAT_H 1
| #define HAVE_STDLIB_H 1
| #define HAVE_STRING_H 1
| #define HAVE_MEMORY_H 1
| #define HAVE_STRINGS_H 1
| #define HAVE_INTTYPES_H 1
| #define HAVE_STDINT_H 1
| #define HAVE_UNISTD_H 1
| #define HAVE_DLFCN_H 1
| #define LT_OBJDIR ".libs/"
| #define HAVE_NETINET_IN_H 1
| #define HAVE_STDINT_H 1
| #define HAVE_STDLIB_H 1
| #define HAVE_SYS_SOCKET_H 1
| #define HAVE_UNISTD_H 1
| #define HAVE_STDBOOL_H 1
| /* end confdefs.h.  */
| #include <stdio.h>
| #ifdef HAVE_SYS_TYPES_H
| # include <sys/types.h>
| #endif
| #ifdef HAVE_SYS_STAT_H
| # include <sys/stat.h>
| #endif
| #ifdef STDC_HEADERS
| # include <stdlib.h>
| # include <stddef.h>
| #else
| # ifdef HAVE_STDLIB_H
| #  include <stdlib.h>
| # endif
| #endif
| #ifdef HAVE_STRING_H
| # if !defined STDC_HEADERS && defined HAVE_MEMORY_H
| #  include <memory.h>
| # endif
| # include <string.h>
| #endif
| #ifdef HAVE_STRINGS_H
| # include <strings.h>
| #endif
| #ifdef HAVE_INTTYPES_H
| # include <inttypes.h>
| #endif
| #ifdef HAVE_STDINT_H
| # include <stdint.h>
| #endif
| #ifdef HAVE_UNISTD_H
| # include <unistd.h>
| #endif
| int
| main ()
| {
| if (sizeof ((ssize_t)))
| 	    return 0;
|   ;
|   return 0;
| }
configure:21130: result: yes
configure:21141: checking for uint16_t
configure:21141: g++ -c -g -O2  conftest.cpp >&5
configure:21141: $? = 0
configure:21141: result: yes
configure:21153: checking for uint32_t
configure:21153: g++ -c -g -O2  conftest.cpp >&5
configure:21153: $? = 0
configure:21153: result: yes
configure:21167: checking for uint64_t
configure:21167: g++ -c -g -O2  conftest.cpp >&5
configure:21167: $? = 0
configure:21167: result: yes
configure:21181: checking for uint8_t
configure:21181: g++ -c -g -O2  conftest.cpp >&5
configure:21181: $? = 0
configure:21181: result: yes
configure:21196: checking for builtin expect
configure:21209: g++ -c -g -O2  conftest.cpp >&5
configure:21209: $? = 0
configure:21212: result: yes
configure:21234: checking for error_at_line
configure:21250: g++ -o conftest -g -O2   conftest.cpp  >&5
configure:21250: $? = 0
configure:21258: result: yes
configure:21275: checking for stdlib.h
configure:21275: result: yes
configure:21275: checking for unistd.h
configure:21275: result: yes
configure:21275: checking for sys/param.h
configure:21275: g++ -c -g -O2  conftest.cpp >&5
configure:21275: $? = 0
configure:21275: result: yes
configure:21295: checking for getpagesize
configure:21295: g++ -o conftest -g -O2   conftest.cpp  >&5
configure:21295: $? = 0
configure:21295: result: yes
configure:21304: checking for working mmap
configure:21451: g++ -o conftest -g -O2   conftest.cpp  >&5
configure:21451: $? = 0
configure:21451: ./conftest
configure:21451: $? = 0
configure:21461: result: yes
configure:21473: checking for alarm
configure:21473: g++ -o conftest -g -O2   conftest.cpp  >&5
configure:21473: $? = 0
configure:21473: result: yes
configure:21473: checking for clock_gettime
configure:21473: g++ -o conftest -g -O2   conftest.cpp  >&5
configure:21473: $? = 0
configure:21473: result: yes
configure:21473: checking for mach_absolute_time
configure:21473: g++ -o conftest -g -O2   conftest.cpp  >&5
/tmp/ccXoYBae.o: In function `main':
/replex/repo/conftest.cpp:71: undefined reference to `mach_absolute_time'
collect2: error: ld returned 1 exit status
configure:21473: $? = 1
configure: failed program was:
| /* confdefs.h */
| #define PACKAGE_NAME "HyperDex"
| #define PACKAGE_TARNAME "hyperdex"
| #define PACKAGE_VERSION "1.8.1"
| #define PACKAGE_STRING "HyperDex 1.8.1"
| #define PACKAGE_BUGREPORT "robert@hyperdex.org"
| #define PACKAGE_URL ""
| #define PACKAGE "hyperdex"
| #define VERSION "1.8.1"
| #define STDC_HEADERS 1
| #define HAVE_SYS_TYPES_H 1
| #define HAVE_SYS_STAT_H 1
| #define HAVE_STDLIB_H 1
| #define HAVE_STRING_H 1
| #define HAVE_MEMORY_H 1
| #define HAVE_STRINGS_H 1
| #define HAVE_INTTYPES_H 1
| #define HAVE_STDINT_H 1
| #define HAVE_UNISTD_H 1
| #define HAVE_DLFCN_H 1
| #define LT_OBJDIR ".libs/"
| #define HAVE_NETINET_IN_H 1
| #define HAVE_STDINT_H 1
| #define HAVE_STDLIB_H 1
| #define HAVE_SYS_SOCKET_H 1
| #define HAVE_UNISTD_H 1
| #define HAVE_STDBOOL_H 1
| #define HAVE_BUILTIN_EXPECT 1
| #define HAVE_STDLIB_H 1
| #define HAVE_UNISTD_H 1
| #define HAVE_SYS_PARAM_H 1
| #define HAVE_GETPAGESIZE 1
| #define HAVE_MMAP 1
| #define HAVE_ALARM 1
| #define HAVE_CLOCK_GETTIME 1
| /* end confdefs.h.  */
| /* Define mach_absolute_time to an innocuous variant, in case <limits.h> declares mach_absolute_time.
|    For example, HP-UX 11i <limits.h> declares gettimeofday.  */
| #define mach_absolute_time innocuous_mach_absolute_time
| 
| /* System header to define __stub macros and hopefully few prototypes,
|     which can conflict with char mach_absolute_time (); below.
|     Prefer <limits.h> to <assert.h> if __STDC__ is defined, since
|     <limits.h> exists even on freestanding compilers.  */
| 
| #ifdef __STDC__
| # include <limits.h>
| #else
| # include <assert.h>
| #endif
| 
| #undef mach_absolute_time
| 
| /* Override any GCC internal prototype to avoid an error.
|    Use char because int might match the return type of a GCC
|    builtin and then its argument prototype would still apply.  */
| #ifdef __cplusplus
| extern "C"
| #endif
| char mach_absolute_time ();
| /* The GNU C library defines this for functions which it implements
|     to always fail with ENOSYS.  Some functions are actually named
|     something starting with __ and the normal name is an alias.  */
| #if defined __stub_mach_absolute_time || defined __stub___mach_absolute_time
| choke me
| #endif
| 
| int
| main ()
| {
| return mach_absolute_time ();
|   ;
|   return 0;
| }
configure:21473: result: no
configure:21473: checking for ftruncate
configure:21473: g++ -o conftest -g -O2   conftest.cpp  >&5
configure:21473: $? = 0
configure:21473: result: yes
configure:21473: checking for memmove
configure:21473: g++ -o conftest -g -O2   conftest.cpp  >&5
configure:21473: $? = 0
configure:21473: result: yes
configure:21473: checking for mkdir
configure:21473: g++ -o conftest -g -O2   conftest.cpp  >&5
configure:21473: $? = 0
configure:21473: result: yes
configure:21473: checking for munmap
configure:21473: g++ -o conftest -g -O2   conftest.cpp  >&5
configure:21473: $? = 0
configure:21473: result: yes
configure:21473: checking for rmdir
configure:21473: g++ -o conftest -g -O2   conftest.cpp  >&5
configure:21473: $? = 0
configure:21473: result: yes
configure:21473: checking for socket
configure:21473: g++ -o conftest -g -O2   conftest.cpp  >&5
configure:21473: $? = 0
configure:21473: result: yes
configure:22285: checking that generated files are newer than configure
configure:22291: result: done
configure:22370: creating ./config.status

## ---------------------- ##
## Running config.status. ##
## ---------------------- ##

This file was extended by HyperDex config.status 1.8.1, which was
generated by GNU Autoconf 2.69.  Invocation command line was

  CONFIG_FILES    = 
  CONFIG_HEADERS  = 
  CONFIG_LINKS    = 
  CONFIG_COMMANDS = 
  $ ./config.status 

on replex

config.status:1254: creating Makefile
config.status:1254: creating hyperdex-client.pc
config.status:1254: creating hyperdex-admin.pc
config.status:1254: creating config.h
config.status:1435: config.h is unchanged
config.status:1514: executing depfiles commands
config.status:1514: executing libtool commands

## ---------------- ##
## Cache variables. ##
## ---------------- ##

ac_cv_build=x86_64-unknown-linux-gnu
ac_cv_c_compiler_gnu=yes
ac_cv_c_inline=inline
ac_cv_c_int64_t=yes
ac_cv_c_uint16_t=yes
ac_cv_c_uint32_t=yes
ac_cv_c_uint64_t=yes
ac_cv_c_uint8_t=yes
ac_cv_cxx_compiler_gnu=yes
ac_cv_env_BUSYBEE_CFLAGS_set=
ac_cv_env_BUSYBEE_CFLAGS_value=
ac_cv_env_BUSYBEE_LIBS_set=
ac_cv_env_BUSYBEE_LIBS_value=
ac_cv_env_CCC_set=
ac_cv_env_CCC_value=
ac_cv_env_CC_set=
ac_cv_env_CC_value=
ac_cv_env_CFLAGS_set=
ac_cv_env_CFLAGS_value=
ac_cv_env_CPPFLAGS_set=
ac_cv_env_CPPFLAGS_value=
ac_cv_env_CPP_set=
ac_cv_env_CPP_value=
ac_cv_env_CXXCPP_set=
ac_cv_env_CXXCPP_value=
ac_cv_env_CXXFLAGS_set=
ac_cv_env_CXXFLAGS_value=
ac_cv_env_CXX_set=
ac_cv_env_CXX_value=
ac_cv_env_E_CFLAGS_set=
ac_cv_env_E_CFLAGS_value=
ac_cv_env_E_LIBS_set=
ac_cv_env_E_LIBS_value=
ac_cv_env_GLOG_LIBS_set=
ac_cv_env_GLOG_LIBS_value=
ac_cv_env_HYPERLEVELDB_CFLAGS_set=
ac_cv_env_HYPERLEVELDB_CFLAGS_value=
ac_cv_env_HYPERLEVELDB_LIBS_set=
ac_cv_env_HYPERLEVELDB_LIBS_value=
ac_cv_env_LDFLAGS_set=
ac_cv_env_LDFLAGS_value=
ac_cv_env_LIBS_set=
ac_cv_env_LIBS_value=
ac_cv_env_MACAROONS_CFLAGS_set=
ac_cv_env_MACAROONS_CFLAGS_value=
ac_cv_env_MACAROONS_LIBS_set=
ac_cv_env_MACAROONS_LIBS_value=
ac_cv_env_PKG_CONFIG_LIBDIR_set=
ac_cv_env_PKG_CONFIG_LIBDIR_value=
ac_cv_env_PKG_CONFIG_PATH_set=
ac_cv_env_PKG_CONFIG_PATH_value=
ac_cv_env_PKG_CONFIG_set=
ac_cv_env_PKG_CONFIG_value=
ac_cv_env_PO6_CFLAGS_set=
ac_cv_env_PO6_CFLAGS_value=
ac_cv_env_PO6_LIBS_set=
ac_cv_env_PO6_LIBS_value=
ac_cv_env_POPT_LIBS_set=
ac_cv_env_POPT_LIBS_value=
ac_cv_env_PYTHON_VERSION_set=
ac_cv_env_PYTHON_VERSION_value=
ac_cv_env_PYTHON_set=
ac_cv_env_PYTHON_value=
ac_cv_env_REPLICANT_CFLAGS_set=
ac_cv_env_REPLICANT_CFLAGS_value=
ac_cv_env_REPLICANT_LIBS_set=
ac_cv_env_REPLICANT_LIBS_value=
ac_cv_env_RUBY_EXT_ARCHINC_set=
ac_cv_env_RUBY_EXT_ARCHINC_value=
ac_cv_env_RUBY_EXT_CPPFLAGS_set=
ac_cv_env_RUBY_EXT_CPPFLAGS_value=
ac_cv_env_RUBY_EXT_DLEXT_set=
ac_cv_env_RUBY_EXT_DLEXT_value=
ac_cv_env_RUBY_EXT_INC_set=
ac_cv_env_RUBY_EXT_INC_value=
ac_cv_env_RUBY_EXT_LDFLAGS_set=
ac_cv_env_RUBY_EXT_LDFLAGS_value=
ac_cv_env_RUBY_EXT_LIB_set=
ac_cv_env_RUBY_EXT_LIB_value=
ac_cv_env_RUBY_EXT_SITEARCH_set=
ac_cv_env_RUBY_EXT_SITEARCH_value=
ac_cv_env_RUBY_EXT_VENDORARCH_set=
ac_cv_env_RUBY_EXT_VENDORARCH_value=
ac_cv_env_TREADSTONE_CFLAGS_set=
ac_cv_env_TREADSTONE_CFLAGS_value=
ac_cv_env_TREADSTONE_LIBS_set=
ac_cv_env_TREADSTONE_LIBS_value=
ac_cv_env_YACC_set=
ac_cv_env_YACC_value=
ac_cv_env_YFLAGS_set=
ac_cv_env_YFLAGS_value=
ac_cv_env_build_alias_set=
ac_cv_env_build_alias_value=
ac_cv_env_host_alias_set=
ac_cv_env_host_alias_value=
ac_cv_env_target_alias_set=
ac_cv_env_target_alias_value=
ac_cv_file__usr_lib_jvm_java_8_oracle_include_jni_h=yes
ac_cv_func_alarm=yes
ac_cv_func_clock_gettime=yes
ac_cv_func_ftruncate=yes
ac_cv_func_getpagesize=yes
ac_cv_func_mach_absolute_time=no
ac_cv_func_memmove=yes
ac_cv_func_mkdir=yes
ac_cv_func_mmap_fixed_mapped=yes
ac_cv_func_munmap=yes
ac_cv_func_rmdir=yes
ac_cv_func_socket=yes
ac_cv_header_dlfcn_h=yes
ac_cv_header_glog_logging_h=yes
ac_cv_header_inttypes_h=yes
ac_cv_header_memory_h=yes
ac_cv_header_netinet_in_h=yes
ac_cv_header_popt_h=yes
ac_cv_header_stdbool_h=yes
ac_cv_header_stdc=yes
ac_cv_header_stdint_h=yes
ac_cv_header_stdlib_h=yes
ac_cv_header_string_h=yes
ac_cv_header_strings_h=yes
ac_cv_header_sys_param_h=yes
ac_cv_header_sys_socket_h=yes
ac_cv_header_sys_stat_h=yes
ac_cv_header_sys_types_h=yes
ac_cv_header_unistd_h=yes
ac_cv_host=x86_64-unknown-linux-gnu
ac_cv_lib_error_at_line=yes
ac_cv_lib_json_c_json_object_get_double=no
ac_cv_lib_json_json_object_get_double=no
ac_cv_lib_popt_poptGetContext=yes
ac_cv_lib_rt_clock_gettime=yes
ac_cv_objext=o
ac_cv_path_EGREP='/bin/grep -E'
ac_cv_path_FGREP='/bin/grep -F'
ac_cv_path_GREP=/bin/grep
ac_cv_path_PYTHON=/home/ross/anaconda3/bin/python
ac_cv_path_SED=/bin/sed
ac_cv_path_ac_pt_PKG_CONFIG=/usr/bin/pkg-config
ac_cv_path_install='/usr/bin/install -c'
ac_cv_path_mkdir=/bin/mkdir
ac_cv_prog_AWK=mawk
ac_cv_prog_CPP='gcc -E'
ac_cv_prog_CXXCPP='g++ -E'
ac_cv_prog_JAR=jar
ac_cv_prog_JAVAC=javac
ac_cv_prog_YACC='bison -y'
ac_cv_prog_ac_ct_AR=ar
ac_cv_prog_ac_ct_CC=gcc
ac_cv_prog_ac_ct_CXX=g++
ac_cv_prog_ac_ct_MANIFEST_TOOL=mt
ac_cv_prog_ac_ct_OBJDUMP=objdump
ac_cv_prog_ac_ct_RANLIB=ranlib
ac_cv_prog_ac_ct_STRIP=strip
ac_cv_prog_cc_c89=
ac_cv_prog_cc_g=yes
ac_cv_prog_cxx_g=yes
ac_cv_prog_javac_works=yes
ac_cv_prog_make_make_set=yes
ac_cv_type__Bool=no
ac_cv_type_size_t=yes
ac_cv_type_ssize_t=yes
am_cv_CC_dependencies_compiler_type=gcc3
am_cv_CXX_dependencies_compiler_type=gcc3
am_cv_make_support_nested_variables=yes
am_cv_pathless_PYTHON=python
am_cv_prog_cc_c_o=yes
am_cv_python_platform=linux
am_cv_python_pyexecdir='${exec_prefix}/lib/python3.6/site-packages'
am_cv_python_pythondir='${prefix}/lib/python3.6/site-packages'
am_cv_python_version=3.6
lt_cv_ar_at_file=@
lt_cv_archive_cmds_need_lc=no
lt_cv_deplibs_check_method=pass_all
lt_cv_file_magic_cmd='$MAGIC_CMD'
lt_cv_file_magic_test_file=
lt_cv_ld_reload_flag=-r
lt_cv_nm_interface='BSD nm'
lt_cv_objdir=.libs
lt_cv_path_LD=/usr/bin/ld
lt_cv_path_LDCXX='/usr/bin/ld -m elf_x86_64'
lt_cv_path_NM='/usr/bin/nm -B'
lt_cv_path_mainfest_tool=no
lt_cv_prog_compiler_c_o=yes
lt_cv_prog_compiler_c_o_CXX=yes
lt_cv_prog_compiler_pic='-fPIC -DPIC'
lt_cv_prog_compiler_pic_CXX='-fPIC -DPIC'
lt_cv_prog_compiler_pic_works=yes
lt_cv_prog_compiler_pic_works_CXX=yes
lt_cv_prog_compiler_rtti_exceptions=no
lt_cv_prog_compiler_static_works=yes
lt_cv_prog_compiler_static_works_CXX=yes
lt_cv_prog_gnu_ld=yes
lt_cv_prog_gnu_ldcxx=yes
lt_cv_sharedlib_from_linklib_cmd='printf %s\n'
lt_cv_shlibpath_overrides_runpath=no
lt_cv_sys_global_symbol_pipe='sed -n -e '\''s/^.*[	 ]\([ABCDGIRSTW][ABCDGIRSTW]*\)[	 ][	 ]*\([_A-Za-z][_A-Za-z0-9]*\)$/\1 \2 \2/p'\'' | sed '\''/ __gnu_lto/d'\'''
lt_cv_sys_global_symbol_to_c_name_address='sed -n -e '\''s/^: \([^ ]*\)[ ]*$/  {\"\1\", (void *) 0},/p'\'' -e '\''s/^[ABCDGIRSTW]* \([^ ]*\) \([^ ]*\)$/  {"\2", (void *) \&\2},/p'\'''
lt_cv_sys_global_symbol_to_c_name_address_lib_prefix='sed -n -e '\''s/^: \([^ ]*\)[ ]*$/  {\"\1\", (void *) 0},/p'\'' -e '\''s/^[ABCDGIRSTW]* \([^ ]*\) \(lib[^ ]*\)$/  {"\2", (void *) \&\2},/p'\'' -e '\''s/^[ABCDGIRSTW]* \([^ ]*\) \([^ ]*\)$/  {"lib\2", (void *) \&\2},/p'\'''
lt_cv_sys_global_symbol_to_cdecl='sed -n -e '\''s/^T .* \(.*\)$/extern int \1();/p'\'' -e '\''s/^[ABCDGIRSTW]* .* \(.*\)$/extern char \1;/p'\'''
lt_cv_sys_max_cmd_len=1572864
lt_cv_to_host_file_cmd=func_convert_file_noop
lt_cv_to_tool_file_cmd=func_convert_file_noop
pkg_cv_BUSYBEE_CFLAGS='-I/usr/local/include  '
pkg_cv_BUSYBEE_LIBS='-L/usr/local/lib -lbusybee -le -lpo6  '
pkg_cv_E_CFLAGS='-I/usr/local/include  '
pkg_cv_E_LIBS='-L/usr/local/lib -le -lpo6  '
pkg_cv_HYPERLEVELDB_CFLAGS='-I/usr/local/include  '
pkg_cv_HYPERLEVELDB_LIBS='-L/usr/local/lib -lhyperleveldb  '
pkg_cv_MACAROONS_CFLAGS='-I/usr/local/include  '
pkg_cv_MACAROONS_LIBS='-L/usr/local/lib -lmacaroons  '
pkg_cv_PO6_CFLAGS='-I/usr/local/include  '
pkg_cv_PO6_LIBS='-L/usr/local/lib -lpo6  '
pkg_cv_REPLICANT_CFLAGS='-I/usr/local/include  '
pkg_cv_REPLICANT_LIBS='-L/usr/local/lib -lreplicant -lbusybee -le -lpo6  '
pkg_cv_TREADSTONE_CFLAGS='-I/usr/local/include  '
pkg_cv_TREADSTONE_LIBS='-L/usr/local/lib -ltreadstone  '

## ----------------- ##
## Output variables. ##
## ----------------- ##

ACLOCAL='${SHELL} /replex/repo/missing aclocal-1.14'
AMDEPBACKSLASH='\'
AMDEP_FALSE='#'
AMDEP_TRUE=''
AMTAR='$${TAR-tar}'
AM_BACKSLASH='\'
AM_DEFAULT_V='$(AM_DEFAULT_VERBOSITY)'
AM_DEFAULT_VERBOSITY='0'
AM_V='$(V)'
AR='ar'
AUTOCONF='${SHELL} /replex/repo/missing autoconf'
AUTOHEADER='${SHELL} /replex/repo/missing autoheader'
AUTOMAKE='${SHELL} /replex/repo/missing automake-1.14'
AWK='mawk'
BUSYBEE_CFLAGS='-I/usr/local/include  '
BUSYBEE_LIBS='-L/usr/local/lib -lbusybee -le -lpo6  '
CC='gcc'
CCDEPMODE='depmode=gcc3'
CFLAGS='-g -O2'
CPP='gcc -E'
CPPFLAGS=''
CXX='g++'
CXXCPP='g++ -E'
CXXDEPMODE='depmode=gcc3'
CXXFLAGS='-g -O2'
CYGPATH_W='echo'
DEFS='-DHAVE_CONFIG_H'
DEPDIR='.deps'
DLLTOOL='false'
DSYMUTIL=''
DUMPBIN=''
ECHO_C=''
ECHO_N='-n'
ECHO_T=''
EGREP='/bin/grep -E'
ENABLE_ADMIN_FALSE='#'
ENABLE_ADMIN_TRUE=''
ENABLE_CLIENT_FALSE='#'
ENABLE_CLIENT_TRUE=''
ENABLE_COORDINATOR_FALSE='#'
ENABLE_COORDINATOR_TRUE=''
ENABLE_DAEMON_FALSE='#'
ENABLE_DAEMON_TRUE=''
ENABLE_HYPERDEX_STUB_FALSE='#'
ENABLE_HYPERDEX_STUB_TRUE=''
ENABLE_JAVA_BINDINGS_FALSE='#'
ENABLE_JAVA_BINDINGS_TRUE=''
ENABLE_MAINTAINER_TOOLS_FALSE=''
ENABLE_MAINTAINER_TOOLS_TRUE='#'
ENABLE_PYTHON_BINDINGS_FALSE=''
ENABLE_PYTHON_BINDINGS_TRUE='#'
ENABLE_RUBY_BINDINGS_FALSE=''
ENABLE_RUBY_BINDINGS_TRUE='#'
ENABLE_TIME_CONSUMING_TESTS_FALSE='#'
ENABLE_TIME_CONSUMING_TESTS_TRUE=''
ENABLE_TOOLS_FALSE='#'
ENABLE_TOOLS_TRUE=''
ENABLE_YCSB_FALSE='#'
ENABLE_YCSB_TRUE=''
EXEEXT=''
E_CFLAGS='-I/usr/local/include  '
E_LIBS='-L/usr/local/lib -le -lpo6  '
FGREP='/bin/grep -F'
GLOG_LIBS='-lglog'
GREP='/bin/grep'
HYPERLEVELDB_CFLAGS='-I/usr/local/include  '
HYPERLEVELDB_LIBS='-L/usr/local/lib -lhyperleveldb  '
INSTALL_DATA='${INSTALL} -m 644'
INSTALL_PROGRAM='${INSTALL}'
INSTALL_SCRIPT='${INSTALL}'
INSTALL_STRIP_PROGRAM='$(install_sh) -c -s'
JAR='jar'
JAVAC='javac'
JNI_CPPFLAGS='-I/usr/lib/jvm/java-8-oracle/include -I/usr/lib/jvm/java-8-oracle/include/linux'
LD='/usr/bin/ld -m elf_x86_64'
LDFLAGS=''
LEX=':'
LEXLIB=''
LEX_OUTPUT_ROOT=''
LIBOBJS=''
LIBS=''
LIBTOOL='$(SHELL) $(top_builddir)/libtool'
LIPO=''
LN_S='ln -s'
LRT_CFLAGS='-lrt'
LRT_LDFLAGS='-lrt'
LTLIBOBJS=''
MACAROONS_CFLAGS='-I/usr/local/include  '
MACAROONS_LIBS='-L/usr/local/lib -lmacaroons  '
MAKEINFO='${SHELL} /replex/repo/missing makeinfo'
MANIFEST_TOOL=':'
MKDIR_P='/bin/mkdir -p'
NM='/usr/bin/nm -B'
NMEDIT=''
OBJDUMP='objdump'
OBJEXT='o'
OTOOL64=''
OTOOL=''
PACKAGE='hyperdex'
PACKAGE_BUGREPORT='robert@hyperdex.org'
PACKAGE_NAME='HyperDex'
PACKAGE_STRING='HyperDex 1.8.1'
PACKAGE_TARNAME='hyperdex'
PACKAGE_URL=''
PACKAGE_VERSION='1.8.1'
PATH_SEPARATOR=':'
PKG_CONFIG='/usr/bin/pkg-config'
PKG_CONFIG_LIBDIR=''
PKG_CONFIG_PATH=''
PO6_CFLAGS='-I/usr/local/include  '
PO6_LIBS='-L/usr/local/lib -lpo6  '
POPT_LIBS='-lpopt'
PYTHON='/home/ross/anaconda3/bin/python'
PYTHON_CPPFLAGS=''
PYTHON_EXEC_PREFIX='${exec_prefix}'
PYTHON_EXTRA_LDFLAGS=''
PYTHON_EXTRA_LIBS=''
PYTHON_LDFLAGS=''
PYTHON_PLATFORM='linux'
PYTHON_PREFIX='${prefix}'
PYTHON_SITE_PKG=''
PYTHON_SYMBOL=''
PYTHON_VERSION='3.6'
RANLIB='ranlib'
REPLICANT_CFLAGS='-I/usr/local/include  '
REPLICANT_LIBS='-L/usr/local/lib -lreplicant -lbusybee -le -lpo6  '
RUBY=''
RUBY_EXT_ARCHINC=''
RUBY_EXT_CPPFLAGS=''
RUBY_EXT_DLEXT=''
RUBY_EXT_INC=''
RUBY_EXT_LDFLAGS=''
RUBY_EXT_LIB=''
RUBY_EXT_SITEARCH=''
RUBY_EXT_VENDORARCH=''
RUBY_VERSION=''
SED='/bin/sed'
SET_MAKE=''
SHELL='/bin/bash'
STRIP='strip'
TREADSTONE_CFLAGS='-I/usr/local/include  '
TREADSTONE_LIBS='-L/usr/local/lib -ltreadstone  '
VERSION='1.8.1'
WANAL_CFLAGS=' '
WANAL_CXXFLAGS=' '
YACC='bison -y'
YFLAGS=''
_ACJNI_JAVAC=''
ac_ct_AR='ar'
ac_ct_CC='gcc'
ac_ct_CXX='g++'
ac_ct_DUMPBIN=''
am__EXEEXT_FALSE=''
am__EXEEXT_TRUE='#'
am__fastdepCC_FALSE='#'
am__fastdepCC_TRUE=''
am__fastdepCXX_FALSE='#'
am__fastdepCXX_TRUE=''
am__include='include'
am__isrc=''
am__leading_dot='.'
am__nodep='_no'
am__quote=''
am__tar='$${TAR-tar} chof - "$$tardir"'
am__untar='$${TAR-tar} xf -'
bindir='${exec_prefix}/bin'
build='x86_64-unknown-linux-gnu'
build_alias=''
build_cpu='x86_64'
build_os='linux-gnu'
build_vendor='unknown'
datadir='${datarootdir}'
datarootdir='${prefix}/share'
docdir='${datarootdir}/doc/${PACKAGE_TARNAME}'
dvidir='${docdir}'
exec_prefix='${prefix}'
host='x86_64-unknown-linux-gnu'
host_alias=''
host_cpu='x86_64'
host_os='linux-gnu'
host_vendor='unknown'
htmldir='${docdir}'
includedir='${prefix}/include'
infodir='${datarootdir}/info'
install_sh='${SHELL} /replex/repo/install-sh'
libdir='${exec_prefix}/lib'
libexecdir='${exec_prefix}/libexec'
localedir='${datarootdir}/locale'
localstatedir='${prefix}/var'
mandir='${datarootdir}/man'
mkdir_p='$(MKDIR_P)'
oldincludedir='/usr/include'
pdfdir='${docdir}'
pkgpyexecdir='${pyexecdir}/hyperdex'
pkgpythondir='${pythondir}/hyperdex'
prefix='/usr/local'
program_transform_name='s,x,x,'
psdir='${docdir}'
pyexecdir='${exec_prefix}/lib/python3.6/site-packages'
pythondir='${prefix}/lib/python3.6/site-packages'
sbindir='${exec_prefix}/sbin'
sharedstatedir='${prefix}/com'
sysconfdir='${prefix}/etc'
target_alias=''

## ----------- ##
## confdefs.h. ##
## ----------- ##

/* confdefs.h */
#define PACKAGE_NAME "HyperDex"
#define PACKAGE_TARNAME "hyperdex"
#define PACKAGE_VERSION "1.8.1"
#define PACKAGE_STRING "HyperDex 1.8.1"
#define PACKAGE_BUGREPORT "robert@hyperdex.org"
#define PACKAGE_URL ""
#define PACKAGE "hyperdex"
#define VERSION "1.8.1"
#define STDC_HEADERS 1
#define HAVE_SYS_TYPES_H 1
#define HAVE_SYS_STAT_H 1
#define HAVE_STDLIB_H 1
#define HAVE_STRING_H 1
#define HAVE_MEMORY_H 1
#define HAVE_STRINGS_H 1
#define HAVE_INTTYPES_H 1
#define HAVE_STDINT_H 1
#define HAVE_UNISTD_H 1
#define HAVE_DLFCN_H 1
#define LT_OBJDIR ".libs/"
#define HAVE_NETINET_IN_H 1
#define HAVE_STDINT_H 1
#define HAVE_STDLIB_H 1
#define HAVE_SYS_SOCKET_H 1
#define HAVE_UNISTD_H 1
#define HAVE_STDBOOL_H 1
#define HAVE_BUILTIN_EXPECT 1
#define HAVE_STDLIB_H 1
#define HAVE_UNISTD_H 1
#define HAVE_SYS_PARAM_H 1
#define HAVE_GETPAGESIZE 1
#define HAVE_MMAP 1
#define HAVE_ALARM 1
#define HAVE_CLOCK_GETTIME 1
#define HAVE_FTRUNCATE 1
#define HAVE_MEMMOVE 1
#define HAVE_MKDIR 1
#define HAVE_MUNMAP 1
#define HAVE_RMDIR 1
#define HAVE_SOCKET 1

configure: exit 0
